<?xml version="1.0" encoding="utf-8"?><testsuites name="pytest tests"><testsuite name="pytest" errors="0" failures="1" skipped="1" tests="24" time="175.589" timestamp="2026-03-12T14:46:44.020455+00:00" hostname="agent-env-3f376ccd-07be-4f4c-aab4-49252202653f"><testcase classname="backend.tests.test_data_quality.TestArticleCount" name="test_articles_total_count_at_least_261" time="1.712" /><testcase classname="backend.tests.test_data_quality.TestArticleCount" name="test_articles_total_matches_health" time="3.056" /><testcase classname="backend.tests.test_data_quality.TestSourceUrlQuality" name="test_all_articles_have_source_url" time="2.089" /><testcase classname="backend.tests.test_data_quality.TestSourceUrlQuality" name="test_source_url_is_clean_homepage_domain" time="1.874" /><testcase classname="backend.tests.test_data_quality.TestSourceUrlQuality" name="test_source_url_starts_with_https" time="1.586" /><testcase classname="backend.tests.test_data_quality.TestImageVariety" name="test_images_are_not_all_identical" time="1.634" /><testcase classname="backend.tests.test_data_quality.TestImageVariety" name="test_image_variety_ratio_acceptable" time="1.594" /><testcase classname="backend.tests.test_data_quality.TestImageVariety" name="test_all_articles_have_image_url" time="1.567" /><testcase classname="backend.tests.test_data_quality.TestArticleUrlQuality" name="test_all_articles_have_article_url" time="1.567" /><testcase classname="backend.tests.test_data_quality.TestArticleUrlQuality" name="test_article_url_starts_with_http" time="1.552" /><testcase classname="backend.tests.test_data_quality.TestArticleUrlQuality" name="test_no_duplicate_article_urls" time="1.610" /><testcase classname="backend.tests.test_data_quality.TestDeduplication" name="test_ingest_does_not_increase_article_count_significantly" time="61.669"><failure message="AssertionError: Ingest failed: 502&#10;assert 502 == 200&#10; +  where 502 = &lt;Response [502]&gt;.status_code">backend/tests/test_data_quality.py:207: in test_ingest_does_not_increase_article_count_significantly
    assert ingest_resp.status_code == 200, f"Ingest failed: {ingest_resp.status_code}"
E   AssertionError: Ingest failed: 502
E   assert 502 == 200
E    +  where 502 = &lt;Response [502]&gt;.status_code</failure></testcase><testcase classname="backend.tests.test_data_quality.TestDeduplication" name="test_second_ingest_run_adds_zero_new_articles" time="60.356"><skipped type="pytest.skip" message="Admin ingest endpoint timed out or unavailable">/app/backend/tests/test_data_quality.py:235: Admin ingest endpoint timed out or unavailable</skipped></testcase><testcase classname="backend.tests.test_data_quality.TestCategoryFiltering" name="test_categories_return_different_articles" time="6.329" /><testcase classname="backend.tests.test_data_quality.TestCategoryFiltering" name="test_category_filter_returns_correct_category" time="2.886" /><testcase classname="backend.tests.test_data_quality.TestCategoryFiltering" name="test_latest_category_returns_all" time="5.257" /><testcase classname="backend.tests.test_data_quality.TestSearch" name="test_search_returns_results_for_ai" time="1.120" /><testcase classname="backend.tests.test_data_quality.TestSearch" name="test_search_returns_relevant_results" time="0.947" /><testcase classname="backend.tests.test_data_quality.TestSearch" name="test_search_empty_query_returns_empty" time="0.152" /><testcase classname="backend.tests.test_data_quality.TestSearch" name="test_search_no_results_for_nonsense" time="0.883" /><testcase classname="backend.tests.test_data_quality.TestArticleDetail" name="test_article_detail_has_article_url" time="3.866" /><testcase classname="backend.tests.test_data_quality.TestArticleDetail" name="test_article_detail_has_source_url" time="4.269" /><testcase classname="backend.tests.test_data_quality.TestArticleDetail" name="test_article_detail_has_source_name" time="4.024" /><testcase classname="backend.tests.test_data_quality.TestArticleDetail" name="test_article_detail_has_published_at" time="3.862" /></testsuite></testsuites>