<?xml version="1.0" encoding="utf-8"?><testsuites name="pytest tests"><testsuite name="pytest" errors="0" failures="0" skipped="0" tests="24" time="5.447" timestamp="2026-03-12T09:46:22.154554+00:00" hostname="agent-env-129448ea-c654-4fda-9e62-a84a568e3f04"><testcase classname="tests.test_aibrief_api.TestHealth" name="test_health_check" time="0.211" /><testcase classname="tests.test_aibrief_api.TestAuth" name="test_signup_success" time="0.422" /><testcase classname="tests.test_aibrief_api.TestAuth" name="test_signup_duplicate_email" time="0.376" /><testcase classname="tests.test_aibrief_api.TestAuth" name="test_login_success" time="0.603" /><testcase classname="tests.test_aibrief_api.TestAuth" name="test_login_invalid_credentials" time="0.102" /><testcase classname="tests.test_aibrief_api.TestAuth" name="test_get_me_authenticated" time="0.381" /><testcase classname="tests.test_aibrief_api.TestAuth" name="test_get_me_no_token" time="0.100" /><testcase classname="tests.test_aibrief_api.TestArticles" name="test_get_articles_default" time="0.097" /><testcase classname="tests.test_aibrief_api.TestArticles" name="test_get_articles_with_category" time="0.151" /><testcase classname="tests.test_aibrief_api.TestArticles" name="test_get_articles_with_limit" time="0.093" /><testcase classname="tests.test_aibrief_api.TestArticles" name="test_get_article_by_id" time="0.161" /><testcase classname="tests.test_aibrief_api.TestArticles" name="test_get_article_by_id_not_found" time="0.102" /><testcase classname="tests.test_aibrief_api.TestArticles" name="test_search_articles" time="0.102" /><testcase classname="tests.test_aibrief_api.TestArticles" name="test_search_articles_empty_query" time="0.104" /><testcase classname="tests.test_aibrief_api.TestArticles" name="test_get_breaking_articles" time="0.096" /><testcase classname="tests.test_aibrief_api.TestCategories" name="test_get_categories" time="0.099" /><testcase classname="tests.test_aibrief_api.TestBookmarks" name="test_add_bookmark" time="0.421" /><testcase classname="tests.test_aibrief_api.TestBookmarks" name="test_get_bookmarks" time="0.450" /><testcase classname="tests.test_aibrief_api.TestBookmarks" name="test_remove_bookmark" time="0.471" /><testcase classname="tests.test_aibrief_api.TestBookmarks" name="test_get_bookmark_ids" time="0.390" /><testcase classname="tests.test_aibrief_api.TestBookmarks" name="test_bookmarks_no_auth" time="0.108" /><testcase classname="tests.test_aibrief_api.TestSettings" name="test_get_settings" time="0.111" /><testcase classname="tests.test_aibrief_api.TestPushNotifications" name="test_register_push_token" time="0.095" /><testcase classname="tests.test_aibrief_api.TestSources" name="test_get_sources" time="0.097" /></testsuite></testsuites>